This is pdfTeX, Version 3.141592653-2.6-1.40.28 (TeX Live 2025) (preloaded format=pdflatex 2026.2.18)  12 MAR 2026 22:19
entering extended mode
 restricted \write18 enabled.
 file:line:error style messages enabled.
 %&-line parsing enabled.
**"/Users/tylerstrach/Desktop/10 - Spring 2026/lab1/Tyler_Strach/Lab_1/latex/Lab_1.tex"
(/Users/tylerstrach/Desktop/10 - Spring 2026/lab1/Tyler_Strach/Lab_1/latex/Lab_1.tex
LaTeX2e <2025-11-01>
L3 programming layer <2026-01-19>
(/usr/local/texlive/2025/texmf-dist/tex/latex/base/report.cls
Document Class: report 2025/01/22 v1.4n Standard LaTeX document class
(/usr/local/texlive/2025/texmf-dist/tex/latex/base/size11.clo
File: size11.clo 2025/01/22 v1.4n Standard LaTeX file (size option)
)
\c@part=\count275
\c@chapter=\count276
\c@section=\count277
\c@subsection=\count278
\c@subsubsection=\count279
\c@paragraph=\count280
\c@subparagraph=\count281
\c@figure=\count282
\c@table=\count283
\abovecaptionskip=\skip49
\belowcaptionskip=\skip50
\bibindent=\dimen148
) (./assignment_programming.sty (/usr/local/texlive/2025/texmf-dist/tex/latex/amsmath/amsmath.sty
Package: amsmath 2025/07/09 v2.17z AMS math features
\@mathmargin=\skip51

For additional information on amsmath, use the `?' option.
(/usr/local/texlive/2025/texmf-dist/tex/latex/amsmath/amstext.sty
Package: amstext 2024/11/17 v2.01 AMS text
 (/usr/local/texlive/2025/texmf-dist/tex/latex/amsmath/amsgen.sty
File: amsgen.sty 1999/11/30 v2.0 generic functions
\@emptytoks=\toks17
\ex@=\dimen149
)) (/usr/local/texlive/2025/texmf-dist/tex/latex/amsmath/amsbsy.sty
Package: amsbsy 1999/11/29 v1.2d Bold Symbols
\pmbraise@=\dimen150
) (/usr/local/texlive/2025/texmf-dist/tex/latex/amsmath/amsopn.sty
Package: amsopn 2022/04/08 v2.04 operator names
)
\inf@bad=\count284
LaTeX Info: Redefining \frac on input line 233.
\uproot@=\count285
\leftroot@=\count286
LaTeX Info: Redefining \overline on input line 398.
LaTeX Info: Redefining \colon on input line 409.
\classnum@=\count287
\DOTSCASE@=\count288
LaTeX Info: Redefining \ldots on input line 495.
LaTeX Info: Redefining \dots on input line 498.
LaTeX Info: Redefining \cdots on input line 619.
\Mathstrutbox@=\box53
\strutbox@=\box54
LaTeX Info: Redefining \big on input line 721.
LaTeX Info: Redefining \Big on input line 722.
LaTeX Info: Redefining \bigg on input line 723.
LaTeX Info: Redefining \Bigg on input line 724.
\big@size=\dimen151
LaTeX Font Info:    Redeclaring font encoding OML on input line 742.
LaTeX Font Info:    Redeclaring font encoding OMS on input line 743.
\macc@depth=\count289
LaTeX Info: Redefining \bmod on input line 904.
LaTeX Info: Redefining \pmod on input line 909.
LaTeX Info: Redefining \smash on input line 939.
LaTeX Info: Redefining \relbar on input line 969.
LaTeX Info: Redefining \Relbar on input line 970.
\c@MaxMatrixCols=\count290
\dotsspace@=\muskip17
\c@parentequation=\count291
\dspbrk@lvl=\count292
\tag@help=\toks18
\row@=\count293
\column@=\count294
\maxfields@=\count295
\andhelp@=\toks19
\eqnshift@=\dimen152
\alignsep@=\dimen153
\tagshift@=\dimen154
\tagwidth@=\dimen155
\totwidth@=\dimen156
\lineht@=\dimen157
\@envbody=\toks20
\multlinegap=\skip52
\multlinetaggap=\skip53
\mathdisplay@stack=\toks21
LaTeX Info: Redefining \[ on input line 2950.
LaTeX Info: Redefining \] on input line 2951.
) (/usr/local/texlive/2025/texmf-dist/tex/latex/amsfonts/amssymb.sty
Package: amssymb 2013/01/14 v3.01 AMS font symbols
 (/usr/local/texlive/2025/texmf-dist/tex/latex/amsfonts/amsfonts.sty
Package: amsfonts 2013/01/14 v3.01 Basic AMSFonts support
\symAMSa=\mathgroup4
\symAMSb=\mathgroup5
LaTeX Font Info:    Redeclaring math symbol \hbar on input line 98.
LaTeX Font Info:    Overwriting math alphabet `\mathfrak' in version `bold'
(Font)                  U/euf/m/n --> U/euf/b/n on input line 106.
)) (/usr/local/texlive/2025/texmf-dist/tex/latex/ragged2e/ragged2e.sty
Package: ragged2e 2023/06/22 v3.6 ragged2e Package
\CenteringLeftskip=\skip54
\RaggedLeftLeftskip=\skip55
\RaggedRightLeftskip=\skip56
\CenteringRightskip=\skip57
\RaggedLeftRightskip=\skip58
\RaggedRightRightskip=\skip59
\CenteringParfillskip=\skip60
\RaggedLeftParfillskip=\skip61
\RaggedRightParfillskip=\skip62
\JustifyingParfillskip=\skip63
\CenteringParindent=\skip64
\RaggedLeftParindent=\skip65
\RaggedRightParindent=\skip66
\JustifyingParindent=\skip67
) (/usr/local/texlive/2025/texmf-dist/tex/latex/base/latexsym.sty
Package: latexsym 1998/08/17 v2.2e Standard LaTeX package (lasy symbols)
\symlasy=\mathgroup6
LaTeX Font Info:    Overwriting symbol font `lasy' in version `bold'
(Font)                  U/lasy/m/n --> U/lasy/b/n on input line 52.
) (/usr/local/texlive/2025/texmf-dist/tex/latex/amscls/amsthm.sty
Package: amsthm 2020/05/29 v2.20.6
\thm@style=\toks22
\thm@bodyfont=\toks23
\thm@headfont=\toks24
\thm@notefont=\toks25
\thm@headpunct=\toks26
\thm@preskip=\skip68
\thm@postskip=\skip69
\thm@headsep=\skip70
\dth@everypar=\toks27
) (/usr/local/texlive/2025/texmf-dist/tex/latex/graphics/graphicx.sty
Package: graphicx 2024/12/31 v1.2e Enhanced LaTeX Graphics (DPC,SPQR)
 (/usr/local/texlive/2025/texmf-dist/tex/latex/graphics/keyval.sty
Package: keyval 2022/05/29 v1.15 key=value parser (DPC)
\KV@toks@=\toks28
) (/usr/local/texlive/2025/texmf-dist/tex/latex/graphics/graphics.sty
Package: graphics 2024/08/06 v1.4g Standard LaTeX Graphics (DPC,SPQR)
 (/usr/local/texlive/2025/texmf-dist/tex/latex/graphics/trig.sty
Package: trig 2023/12/02 v1.11 sin cos tan (DPC)
) (/usr/local/texlive/2025/texmf-dist/tex/latex/graphics-cfg/graphics.cfg
File: graphics.cfg 2016/06/04 v1.11 sample graphics configuration
)
Package graphics Info: Driver file: pdftex.def on input line 106.
 (/usr/local/texlive/2025/texmf-dist/tex/latex/graphics-def/pdftex.def
File: pdftex.def 2025/09/29 v1.2d Graphics/color driver for pdftex
))
\Gin@req@height=\dimen158
\Gin@req@width=\dimen159
) (/usr/local/texlive/2025/texmf-dist/tex/latex/hyperref/hyperref.sty
Package: hyperref 2026-01-29 v7.01p Hypertext links for LaTeX
 (/usr/local/texlive/2025/texmf-dist/tex/generic/iftex/iftex.sty
Package: iftex 2024/12/12 v1.0g TeX engine tests
) (/usr/local/texlive/2025/texmf-dist/tex/latex/kvsetkeys/kvsetkeys.sty
Package: kvsetkeys 2022-10-05 v1.19 Key value parser (HO)
) (/usr/local/texlive/2025/texmf-dist/tex/generic/kvdefinekeys/kvdefinekeys.sty
Package: kvdefinekeys 2019-12-19 v1.6 Define keys (HO)
) (/usr/local/texlive/2025/texmf-dist/tex/generic/pdfescape/pdfescape.sty
Package: pdfescape 2019/12/09 v1.15 Implements pdfTeX's escape features (HO)
 (/usr/local/texlive/2025/texmf-dist/tex/generic/ltxcmds/ltxcmds.sty
Package: ltxcmds 2023-12-04 v1.26 LaTeX kernel commands for general use (HO)
) (/usr/local/texlive/2025/texmf-dist/tex/generic/pdftexcmds/pdftexcmds.sty
Package: pdftexcmds 2020-06-27 v0.33 Utility functions of pdfTeX for LuaTeX (HO)
 (/usr/local/texlive/2025/texmf-dist/tex/generic/infwarerr/infwarerr.sty
Package: infwarerr 2019/12/03 v1.5 Providing info/warning/error messages (HO)
)
Package pdftexcmds Info: \pdf@primitive is available.
Package pdftexcmds Info: \pdf@ifprimitive is available.
Package pdftexcmds Info: \pdfdraftmode found.
)) (/usr/local/texlive/2025/texmf-dist/tex/latex/hycolor/hycolor.sty
Package: hycolor 2020-01-27 v1.10 Color options for hyperref/bookmark (HO)
) (/usr/local/texlive/2025/texmf-dist/tex/latex/hyperref/nameref.sty
Package: nameref 2026-01-29 v2.58 Cross-referencing by name of section
 (/usr/local/texlive/2025/texmf-dist/tex/latex/refcount/refcount.sty
Package: refcount 2019/12/15 v3.6 Data extraction from label references (HO)
) (/usr/local/texlive/2025/texmf-dist/tex/generic/gettitlestring/gettitlestring.sty
Package: gettitlestring 2019/12/15 v1.6 Cleanup title references (HO)
 (/usr/local/texlive/2025/texmf-dist/tex/latex/kvoptions/kvoptions.sty
Package: kvoptions 2022-06-15 v3.15 Key value format for package options (HO)
))
\c@section@level=\count296
) (/usr/local/texlive/2025/texmf-dist/tex/latex/etoolbox/etoolbox.sty
Package: etoolbox 2025/10/02 v2.5m e-TeX tools for LaTeX (JAW)
\etb@tempcnta=\count297
) (/usr/local/texlive/2025/texmf-dist/tex/generic/stringenc/stringenc.sty
Package: stringenc 2019/11/29 v1.12 Convert strings between diff. encodings (HO)
)
\@linkdim=\dimen160
\Hy@linkcounter=\count298
\Hy@pagecounter=\count299
 (/usr/local/texlive/2025/texmf-dist/tex/latex/hyperref/pd1enc.def
File: pd1enc.def 2026-01-29 v7.01p Hyperref: PDFDocEncoding definition (HO)
Now handling font encoding PD1 ...
... no UTF-8 mapping file for font encoding PD1
) (/usr/local/texlive/2025/texmf-dist/tex/generic/intcalc/intcalc.sty
Package: intcalc 2019/12/15 v1.3 Expandable calculations with integers (HO)
)
\Hy@SavedSpaceFactor=\count300
 (/usr/local/texlive/2025/texmf-dist/tex/latex/hyperref/puenc.def
File: puenc.def 2026-01-29 v7.01p Hyperref: PDF Unicode definition (HO)
Now handling font encoding PU ...
... no UTF-8 mapping file for font encoding PU
)
Package hyperref Info: Option `colorlinks' set `true' on input line 4072.
Package hyperref Info: Hyper figures OFF on input line 4201.
Package hyperref Info: Link nesting OFF on input line 4206.
Package hyperref Info: Hyper index ON on input line 4209.
Package hyperref Info: Plain pages OFF on input line 4216.
Package hyperref Info: Backreferencing OFF on input line 4221.
Package hyperref Info: Implicit mode ON; LaTeX internals redefined.
Package hyperref Info: Bookmarks ON on input line 4468.
\c@Hy@tempcnt=\count301
 (/usr/local/texlive/2025/texmf-dist/tex/latex/url/url.sty
\Urlmuskip=\muskip18
Package: url 2013/09/16  ver 3.4  Verb mode for urls, etc.
)
LaTeX Info: Redefining \url on input line 4807.
\XeTeXLinkMargin=\dimen161
 (/usr/local/texlive/2025/texmf-dist/tex/generic/bitset/bitset.sty
Package: bitset 2019/12/09 v1.3 Handle bit-vector datatype (HO)
 (/usr/local/texlive/2025/texmf-dist/tex/generic/bigintcalc/bigintcalc.sty
Package: bigintcalc 2019/12/15 v1.5 Expandable calculations on big integers (HO)
))
\Fld@menulength=\count302
\Field@Width=\dimen162
\Fld@charsize=\dimen163
Package hyperref Info: Hyper figures OFF on input line 6084.
Package hyperref Info: Link nesting OFF on input line 6089.
Package hyperref Info: Hyper index ON on input line 6092.
Package hyperref Info: backreferencing OFF on input line 6099.
Package hyperref Info: Link coloring ON on input line 6102.
Package hyperref Info: Link coloring with OCG OFF on input line 6109.
Package hyperref Info: PDF/A mode OFF on input line 6114.
\Hy@abspage=\count303
\c@Item=\count304
\c@Hfootnote=\count305
)
Package hyperref Info: Driver (autodetected): hpdftex.
 (/usr/local/texlive/2025/texmf-dist/tex/latex/hyperref/hpdftex.def
File: hpdftex.def 2026-01-29 v7.01p Hyperref driver for pdfTeX
\Fld@listcount=\count306
\c@bookmark@seq@number=\count307
 (/usr/local/texlive/2025/texmf-dist/tex/latex/rerunfilecheck/rerunfilecheck.sty
Package: rerunfilecheck 2025-06-21 v1.11 Rerun checks for auxiliary files (HO)
 (/usr/local/texlive/2025/texmf-dist/tex/generic/uniquecounter/uniquecounter.sty
Package: uniquecounter 2019/12/15 v1.4 Provide unlimited unique counter (HO)
)
Package uniquecounter Info: New unique counter `rerunfilecheck' on input line 284.
)
\Hy@SectionHShift=\skip71
)) (/usr/local/texlive/2025/texmf-dist/tex/latex/tools/enumerate.sty
Package: enumerate 2023/07/04 v3.00 enumerate extensions (DPC)
\@enLab=\toks29
) (/usr/local/texlive/2025/texmf-dist/tex/latex/enumitem/enumitem.sty
Package: enumitem 2025/02/06 v3.11 Customized lists
\labelindent=\skip72
\enit@outerparindent=\dimen164
\enit@toks=\toks30
\enit@inbox=\box55
\enit@count@id=\count308
\enitdp@description=\count309
) (/usr/local/texlive/2025/texmf-dist/tex/latex/stmaryrd/stmaryrd.sty
Package: stmaryrd 1994/03/03 St Mary's Road symbol package
\symstmry=\mathgroup7
LaTeX Font Info:    Overwriting symbol font `stmry' in version `bold'
(Font)                  U/stmry/m/n --> U/stmry/b/n on input line 89.
) (/usr/local/texlive/2025/texmf-dist/tex/latex/pdfpages/pdfpages.sty
Package: pdfpages 2025/07/23 v0.6g Insert pages of external PDF documents (AM)
 (/usr/local/texlive/2025/texmf-dist/tex/latex/base/ifthen.sty
Package: ifthen 2024/03/16 v1.1e Standard LaTeX ifthen package (DPC)
) (/usr/local/texlive/2025/texmf-dist/tex/latex/tools/calc.sty
Package: calc 2025/03/01 v4.3b Infix arithmetic (KKT,FJ)
\calc@Acount=\count310
\calc@Bcount=\count311
\calc@Adimen=\dimen165
\calc@Bdimen=\dimen166
\calc@Askip=\skip73
\calc@Bskip=\skip74
LaTeX Info: Redefining \setlength on input line 86.
LaTeX Info: Redefining \addtolength on input line 87.
\calc@Ccount=\count312
\calc@Cskip=\skip75
) (/usr/local/texlive/2025/texmf-dist/tex/latex/eso-pic/eso-pic.sty
Package: eso-pic 2025/12/10 v3.0d eso-pic (RN)
\ESO@tempdima=\dimen167
\ESO@tempdimb=\dimen168
 (/usr/local/texlive/2025/texmf-dist/tex/latex/xcolor/xcolor.sty
Package: xcolor 2024/09/29 v3.02 LaTeX color extensions (UK)
 (/usr/local/texlive/2025/texmf-dist/tex/latex/graphics-cfg/color.cfg
File: color.cfg 2016/01/02 v1.6 sample color configuration
)
Package xcolor Info: Driver file: pdftex.def on input line 274.
 (/usr/local/texlive/2025/texmf-dist/tex/latex/graphics/mathcolor.ltx)
Package xcolor Info: Model `cmy' substituted by `cmy0' on input line 1349.
Package xcolor Info: Model `hsb' substituted by `rgb' on input line 1353.
Package xcolor Info: Model `RGB' extended on input line 1365.
Package xcolor Info: Model `HTML' substituted by `rgb' on input line 1367.
Package xcolor Info: Model `Hsb' substituted by `hsb' on input line 1368.
Package xcolor Info: Model `tHsb' substituted by `hsb' on input line 1369.
Package xcolor Info: Model `HSB' substituted by `hsb' on input line 1370.
Package xcolor Info: Model `Gray' substituted by `gray' on input line 1371.
Package xcolor Info: Model `wave' substituted by `hsb' on input line 1372.
))
\AM@pagewidth=\dimen169
\AM@pageheight=\dimen170
\AM@fboxrule=\dimen171
 (/usr/local/texlive/2025/texmf-dist/tex/latex/pdfpages/pppdftex.def
File: pppdftex.def 2025/07/23 v0.6g Pdfpages driver for pdfTeX (AM)
)
\pdfpages@includegraphics@status=\count313
\AM@pagebox=\box56
\AM@global@opts=\toks31
\AM@pagecnt=\count314
\AM@toc@title=\toks32
\AM@lof@heading=\toks33
\c@AM@survey=\count315
\AM@templatesizebox=\box57
) (/usr/local/texlive/2025/texmf-dist/tex/latex/tools/array.sty
Package: array 2025/09/25 v2.6n Tabular extension package (FMi)
\col@sep=\dimen172
\ar@mcellbox=\box58
\extrarowheight=\dimen173
\NC@list=\toks34
\extratabsurround=\skip76
\backup@length=\skip77
\ar@cellbox=\box59
) (/usr/local/texlive/2025/texmf-dist/tex/latex/multirow/multirow.sty
Package: multirow 2024/11/12 v2.9 Span multiple rows of a table
\multirow@colwidth=\skip78
\multirow@cntb=\count316
\multirow@dima=\skip79
\bigstrutjot=\dimen174
) (/usr/local/texlive/2025/texmf-dist/tex/latex/subfigure/subfigure.sty
Package: subfigure 2002/03/15 v2.1.5 subfigure package
\subfigtopskip=\skip80
\subfigcapskip=\skip81
\subfigcaptopadj=\dimen175
\subfigbottomskip=\skip82
\subfigcapmargin=\dimen176
\subfiglabelskip=\skip83
\c@subfigure=\count317
\c@lofdepth=\count318
\c@subtable=\count319
\c@lotdepth=\count320

****************************************
* Local config file subfigure.cfg used *
****************************************
(/usr/local/texlive/2025/texmf-dist/tex/latex/subfigure/subfigure.cfg)
\subfig@top=\skip84
\subfig@bottom=\skip85
) (/usr/local/texlive/2025/texmf-dist/tex/latex/algorithm2e/algorithm2e.sty
Package: algorithm2e 2017/07/18 v5.2 algorithms environments
\c@AlgoLine=\count321
\algocf@hangindent=\skip86
 (/usr/local/texlive/2025/texmf-dist/tex/latex/ifoddpage/ifoddpage.sty
Package: ifoddpage 2022/10/18 v1.2 Conditionals for odd/even page detection
\c@checkoddpage=\count322
) (/usr/local/texlive/2025/texmf-dist/tex/latex/tools/xspace.sty
Package: xspace 2014/10/28 v1.13 Space after command names (DPC,MH)
) (/usr/local/texlive/2025/texmf-dist/tex/latex/relsize/relsize.sty
Package: relsize 2013/03/29 ver 4.1
)
\skiptotal=\skip87
\skiplinenumber=\skip88
\skiprule=\skip89
\skiphlne=\skip90
\skiptext=\skip91
\skiplength=\skip92
\algomargin=\skip93
\skipalgocfslide=\skip94
\algowidth=\dimen177
\inoutsize=\dimen178
\inoutindent=\dimen179
\interspacetitleruled=\dimen180
\interspacealgoruled=\dimen181
\interspacetitleboxruled=\dimen182
\algocf@ruledwidth=\skip95
\algocf@inoutbox=\box60
\algocf@inputbox=\box61
\AlCapSkip=\skip96
\AlCapHSkip=\skip97
\algoskipindent=\skip98
\algocf@nlbox=\box62
\algocf@hangingbox=\box63
\algocf@untilbox=\box64
\algocf@skipuntil=\skip99
\algocf@capbox=\box65
\algocf@lcaptionbox=\skip100
\algoheightruledefault=\skip101
\algoheightrule=\skip102
\algotitleheightruledefault=\skip103
\algotitleheightrule=\skip104
\c@algocfline=\count323
\c@algocfproc=\count324
\c@algocf=\count325
\algocf@algoframe=\box66
\algocf@algobox=\box67
) (./Definitions.tex (/usr/local/texlive/2025/texmf-dist/tex/latex/tools/bm.sty
Package: bm 2025/10/21 v1.2g Bold Symbol Support (DPC/FMi)
\symboldoperators=\mathgroup8
\symboldletters=\mathgroup9
\symboldsymbols=\mathgroup10
Package bm Info: No bold for \OMX/cmex/m/n, using \pmb.
Package bm Info: No bold for \U/msa/m/n, using \pmb.
Package bm Info: No bold for \U/msb/m/n, using \pmb.
\symboldlasy=\mathgroup11
LaTeX Font Info:    Redeclaring math alphabet \mathbf on input line 149.
) (/usr/local/texlive/2025/texmf-dist/tex/latex/algorithms/algorithmic.sty
Package: algorithmic 2009/08/24 v0.1 Document Style `algorithmic'
\c@ALC@unique=\count326
\c@ALC@line=\count327
\c@ALC@rem=\count328
\c@ALC@depth=\count329
\ALC@tlm=\skip105
\algorithmicindent=\skip106
)
\c@theorem=\count330
\c@example=\count331
\c@property=\count332
) (/usr/local/texlive/2025/texmf-dist/tex/latex/l3backend/l3backend-pdftex.def
File: l3backend-pdftex.def 2025-10-09 L3 backend support: PDF output (pdfTeX)
\l__color_backend_stack_int=\count333
) (./Lab_1.aux

LaTeX Warning: Label `eq:rec_Z_forward_1' multiply defined.


LaTeX Warning: Label `eq:rec_Z_forward_2' multiply defined.

)
\openout1 = `Lab_1.aux'.

LaTeX Font Info:    Checking defaults for OML/cmm/m/it on input line 42.
LaTeX Font Info:    ... okay on input line 42.
LaTeX Font Info:    Checking defaults for OMS/cmsy/m/n on input line 42.
LaTeX Font Info:    ... okay on input line 42.
LaTeX Font Info:    Checking defaults for OT1/cmr/m/n on input line 42.
LaTeX Font Info:    ... okay on input line 42.
LaTeX Font Info:    Checking defaults for T1/cmr/m/n on input line 42.
LaTeX Font Info:    ... okay on input line 42.
LaTeX Font Info:    Checking defaults for TS1/cmr/m/n on input line 42.
LaTeX Font Info:    ... okay on input line 42.
LaTeX Font Info:    Checking defaults for OMX/cmex/m/n on input line 42.
LaTeX Font Info:    ... okay on input line 42.
LaTeX Font Info:    Checking defaults for U/cmr/m/n on input line 42.
LaTeX Font Info:    ... okay on input line 42.
LaTeX Font Info:    Checking defaults for PD1/pdf/m/n on input line 42.
LaTeX Font Info:    ... okay on input line 42.
LaTeX Font Info:    Checking defaults for PU/pdf/m/n on input line 42.
LaTeX Font Info:    ... okay on input line 42.
 (/usr/local/texlive/2025/texmf-dist/tex/context/base/mkii/supp-pdf.mkii
[Loading MPS to PDF converter (version 2006.09.02).]
\scratchcounter=\count334
\scratchdimen=\dimen183
\scratchbox=\box68
\nofMPsegments=\count335
\nofMParguments=\count336
\everyMPshowfont=\toks35
\MPscratchCnt=\count337
\MPscratchDim=\dimen184
\MPnumerator=\count338
\makeMPintoPDFobject=\count339
\everyMPtoPDFconversion=\toks36
) (/usr/local/texlive/2025/texmf-dist/tex/latex/epstopdf-pkg/epstopdf-base.sty
Package: epstopdf-base 2020-01-24 v2.11 Base part for package epstopdf
Package epstopdf-base Info: Redefining graphics rule for `.eps' on input line 485.
 (/usr/local/texlive/2025/texmf-dist/tex/latex/latexconfig/epstopdf-sys.cfg
File: epstopdf-sys.cfg 2010/07/13 v1.3 Configuration of (r)epstopdf for TeX Live
))
Package hyperref Info: Link coloring ON on input line 42.
 (./Lab_1.out) (./Lab_1.out)
\@outlinefile=\write3
\openout3 = `Lab_1.out'.

 (/usr/local/texlive/2025/texmf-dist/tex/latex/pdflscape/pdflscape.sty
Package: pdflscape 2025-06-23 v0.14 Display of landscape pages in PDF
 (/usr/local/texlive/2025/texmf-dist/tex/latex/pdflscape/pdflscape-nometadata.sty
Package: pdflscape-nometadata 2025-06-23 v0.14 Display of landscape pages in PDF (HO)
 (/usr/local/texlive/2025/texmf-dist/tex/latex/graphics/lscape.sty
Package: lscape 2020/05/28 v3.02 Landscape Pages (DPC)
)
Package pdflscape Info: Auto-detected driver: pdftex on input line 81.
))
LaTeX Font Info:    Trying to load font information for U+msa on input line 69.
 (/usr/local/texlive/2025/texmf-dist/tex/latex/amsfonts/umsa.fd
File: umsa.fd 2013/01/14 v3.01 AMS symbols A
)
LaTeX Font Info:    Trying to load font information for U+msb on input line 69.
 (/usr/local/texlive/2025/texmf-dist/tex/latex/amsfonts/umsb.fd
File: umsb.fd 2013/01/14 v3.01 AMS symbols B
)
LaTeX Font Info:    Trying to load font information for U+lasy on input line 69.
 (/usr/local/texlive/2025/texmf-dist/tex/latex/base/ulasy.fd
File: ulasy.fd 1998/08/17 v2.2e LaTeX symbol font definitions
)
LaTeX Font Info:    Trying to load font information for U+stmry on input line 69.
 (/usr/local/texlive/2025/texmf-dist/tex/latex/stmaryrd/Ustmry.fd)
LaTeX Font Info:    Font shape `U/lasy/b/n' in size <8> not available
(Font)              Font shape `U/lasy/m/n' tried instead on input line 69.
LaTeX Font Info:    Font shape `U/lasy/b/n' in size <6> not available
(Font)              Font shape `U/lasy/m/n' tried instead on input line 69.
 [1

{/usr/local/texlive/2025/texmf-var/fonts/map/pdftex/updmap/pdftex.map}]
<./Figures/brace.jpg, id=64, 866.48718pt x 143.03438pt>
File: ./Figures/brace.jpg Graphic file (type jpg)
<use ./Figures/brace.jpg>
Package pdftex.def Info: ./Figures/brace.jpg  used on input line 135.
(pdftex.def)             Requested size: 256.0748pt x 42.27115pt.
<./Figures/crf.pdf, id=65, 251.40726pt x 115.32484pt>
File: ./Figures/crf.pdf Graphic file (type pdf)
<use ./Figures/crf.pdf>
Package pdftex.def Info: ./Figures/crf.pdf  used on input line 142.
(pdftex.def)             Requested size: 142.26378pt x 65.25719pt.
LaTeX Font Info:    Font shape `U/lasy/b/n' in size <9> not available
(Font)              Font shape `U/lasy/m/n' tried instead on input line 197.
LaTeX Font Info:    Font shape `U/lasy/b/n' in size <5> not available
(Font)              Font shape `U/lasy/m/n' tried instead on input line 197.
 [2 <./Figures/brace.jpg> <./Figures/crf.pdf>]
<./Figures/lab1_1a.pdf, id=109, 456.74641pt x 590.6567pt>
File: ./Figures/lab1_1a.pdf Graphic file (type pdf)
<use ./Figures/lab1_1a.pdf>
Package pdftex.def Info: ./Figures/lab1_1a.pdf  used on input line 242.
(pdftex.def)             Requested size: 456.7453pt x 590.65526pt.
<./Figures/lab1_1a.pdf, id=111, page=1, 456.74641pt x 590.6567pt>
File: ./Figures/lab1_1a.pdf Graphic file (type pdf)
<use ./Figures/lab1_1a.pdf, page 1>
Package pdftex.def Info: ./Figures/lab1_1a.pdf , page1 used on input line 242.
(pdftex.def)             Requested size: 456.7453pt x 590.65526pt.
File: ./Figures/lab1_1a.pdf Graphic file (type pdf)
<use ./Figures/lab1_1a.pdf, page 1>
Package pdftex.def Info: ./Figures/lab1_1a.pdf , page1 used on input line 242.
(pdftex.def)             Requested size: 615.29869pt x 795.69382pt.
 [3{/usr/local/texlive/2025/texmf-dist/fonts/enc/dvips/cm-super/cm-super-ts1.enc}]
File: ./Figures/lab1_1a.pdf Graphic file (type pdf)
<use ./Figures/lab1_1a.pdf, page 1>
Package pdftex.def Info: ./Figures/lab1_1a.pdf , page1 used on input line 242.
(pdftex.def)             Requested size: 615.29869pt x 795.69382pt.
File: ./Figures/lab1_1a.pdf Graphic file (type pdf)
<use ./Figures/lab1_1a.pdf, page 1>
Package pdftex.def Info: ./Figures/lab1_1a.pdf , page1 used on input line 242.
(pdftex.def)             Requested size: 615.29869pt x 795.69382pt.
File: ./Figures/lab1_1a.pdf Graphic file (type pdf)
<use ./Figures/lab1_1a.pdf, page 1>
Package pdftex.def Info: ./Figures/lab1_1a.pdf , page1 used on input line 242.
(pdftex.def)             Requested size: 615.29869pt x 795.69382pt.
 [4

 <./Figures/lab1_1a.pdf>]
<./Figures/lab1_1a.pdf, id=519, page=2, 456.74641pt x 590.6567pt>
File: ./Figures/lab1_1a.pdf Graphic file (type pdf)
<use ./Figures/lab1_1a.pdf, page 2>
Package pdftex.def Info: ./Figures/lab1_1a.pdf , page2 used on input line 242.
(pdftex.def)             Requested size: 615.29869pt x 795.69382pt.
File: ./Figures/lab1_1a.pdf Graphic file (type pdf)
<use ./Figures/lab1_1a.pdf, page 2>
Package pdftex.def Info: ./Figures/lab1_1a.pdf , page2 used on input line 242.
(pdftex.def)             Requested size: 615.29869pt x 795.69382pt.
File: ./Figures/lab1_1a.pdf Graphic file (type pdf)
<use ./Figures/lab1_1a.pdf, page 2>
Package pdftex.def Info: ./Figures/lab1_1a.pdf , page2 used on input line 242.
(pdftex.def)             Requested size: 615.29869pt x 795.69382pt.
 [5

 <./Figures/lab1_1a.pdf>]
<./Figures/lab1_1b.pdf, id=772, 446.66875pt x 854.19125pt>
File: ./Figures/lab1_1b.pdf Graphic file (type pdf)
<use ./Figures/lab1_1b.pdf>
Package pdftex.def Info: ./Figures/lab1_1b.pdf  used on input line 249.
(pdftex.def)             Requested size: 446.66765pt x 854.18918pt.
<./Figures/lab1_1b.pdf, id=774, page=1, 446.66875pt x 854.19125pt>
File: ./Figures/lab1_1b.pdf Graphic file (type pdf)
<use ./Figures/lab1_1b.pdf, page 1>
Package pdftex.def Info: ./Figures/lab1_1b.pdf , page1 used on input line 249.
(pdftex.def)             Requested size: 446.66765pt x 854.18918pt.
File: ./Figures/lab1_1b.pdf Graphic file (type pdf)
<use ./Figures/lab1_1b.pdf, page 1>
Package pdftex.def Info: ./Figures/lab1_1b.pdf , page1 used on input line 249.
(pdftex.def)             Requested size: 415.79294pt x 795.14565pt.
 [6]
File: ./Figures/lab1_1b.pdf Graphic file (type pdf)
<use ./Figures/lab1_1b.pdf, page 1>
Package pdftex.def Info: ./Figures/lab1_1b.pdf , page1 used on input line 249.
(pdftex.def)             Requested size: 415.79294pt x 795.14565pt.
File: ./Figures/lab1_1b.pdf Graphic file (type pdf)
<use ./Figures/lab1_1b.pdf, page 1>
Package pdftex.def Info: ./Figures/lab1_1b.pdf , page1 used on input line 249.
(pdftex.def)             Requested size: 415.79294pt x 795.14565pt.
File: ./Figures/lab1_1b.pdf Graphic file (type pdf)
<use ./Figures/lab1_1b.pdf, page 1>
Package pdftex.def Info: ./Figures/lab1_1b.pdf , page1 used on input line 249.
(pdftex.def)             Requested size: 415.79294pt x 795.14565pt.
 [7

 <./Figures/lab1_1b.pdf>]
<./Figures/lab1_1b.pdf, id=790, page=2, 446.66875pt x 712.6625pt>
File: ./Figures/lab1_1b.pdf Graphic file (type pdf)
<use ./Figures/lab1_1b.pdf, page 2>
Package pdftex.def Info: ./Figures/lab1_1b.pdf , page2 used on input line 249.
(pdftex.def)             Requested size: 415.79294pt x 663.4pt.
File: ./Figures/lab1_1b.pdf Graphic file (type pdf)
<use ./Figures/lab1_1b.pdf, page 2>
Package pdftex.def Info: ./Figures/lab1_1b.pdf , page2 used on input line 249.
(pdftex.def)             Requested size: 415.79294pt x 663.4pt.
File: ./Figures/lab1_1b.pdf Graphic file (type pdf)
<use ./Figures/lab1_1b.pdf, page 2>
Package pdftex.def Info: ./Figures/lab1_1b.pdf , page2 used on input line 249.
(pdftex.def)             Requested size: 415.79294pt x 663.4pt.
 [8

 <./Figures/lab1_1b.pdf>] [9] [10] [11]
<./Figures/q3_crf_letter-wise.png, id=852, 433.62pt x 289.08pt>
File: ./Figures/q3_crf_letter-wise.png Graphic file (type png)
<use ./Figures/q3_crf_letter-wise.png>
Package pdftex.def Info: ./Figures/q3_crf_letter-wise.png  used on input line 465.
(pdftex.def)             Requested size: 150.32503pt x 100.21791pt.
<./Figures/q3_svm_hmm_letter-wise.png, id=854, 433.62pt x 289.08pt>
File: ./Figures/q3_svm_hmm_letter-wise.png Graphic file (type png)
<use ./Figures/q3_svm_hmm_letter-wise.png>
Package pdftex.def Info: ./Figures/q3_svm_hmm_letter-wise.png  used on input line 470.
(pdftex.def)             Requested size: 150.32503pt x 100.21791pt.
<./Figures/q3_svm_mc_letter-wise.png, id=855, 433.62pt x 289.08pt>
File: ./Figures/q3_svm_mc_letter-wise.png Graphic file (type png)
<use ./Figures/q3_svm_mc_letter-wise.png>
Package pdftex.def Info: ./Figures/q3_svm_mc_letter-wise.png  used on input line 475.
(pdftex.def)             Requested size: 150.32503pt x 100.21791pt.
 [12 <./Figures/q3_crf_letter-wise.png> <./Figures/q3_svm_hmm_letter-wise.png> <./Figures/q3_svm_mc_letter-wise.png>]
<./Figures/q3_crf_word-wise.png, id=865, 433.62pt x 289.08pt>
File: ./Figures/q3_crf_word-wise.png Graphic file (type png)
<use ./Figures/q3_crf_word-wise.png>
Package pdftex.def Info: ./Figures/q3_crf_word-wise.png  used on input line 497.
(pdftex.def)             Requested size: 150.32503pt x 100.21791pt.
<./Figures/q3_svm_hmm_word-wise.png, id=866, 433.62pt x 289.08pt>
File: ./Figures/q3_svm_hmm_word-wise.png Graphic file (type png)
<use ./Figures/q3_svm_hmm_word-wise.png>
Package pdftex.def Info: ./Figures/q3_svm_hmm_word-wise.png  used on input line 502.
(pdftex.def)             Requested size: 150.32503pt x 100.21791pt.
<./Figures/q3_svm_mc_word-wise.png, id=867, 433.62pt x 289.08pt>
File: ./Figures/q3_svm_mc_word-wise.png Graphic file (type png)
<use ./Figures/q3_svm_mc_word-wise.png>
Package pdftex.def Info: ./Figures/q3_svm_mc_word-wise.png  used on input line 507.
(pdftex.def)             Requested size: 150.32503pt x 100.21791pt.
 [13 <./Figures/q3_crf_word-wise.png> <./Figures/q3_svm_hmm_word-wise.png> <./Figures/q3_svm_mc_word-wise.png>]
<./Figures/q4a_objective.png, id=884, 505.89pt x 361.35pt>
File: ./Figures/q4a_objective.png Graphic file (type png)
<use ./Figures/q4a_objective.png>
Package pdftex.def Info: ./Figures/q4a_objective.png  used on input line 573.
(pdftex.def)             Requested size: 225.48038pt x 161.05663pt.
<./Figures/q4a_word_error.png, id=885, 505.89pt x 361.35pt>
File: ./Figures/q4a_word_error.png Graphic file (type png)
<use ./Figures/q4a_word_error.png>
Package pdftex.def Info: ./Figures/q4a_word_error.png  used on input line 579.
(pdftex.def)             Requested size: 225.48038pt x 161.05663pt.
<./Figures/obj_compare.pdf, id=886, 296.2829pt x 277.10426pt>
File: ./Figures/obj_compare.pdf Graphic file (type pdf)
<use ./Figures/obj_compare.pdf>
Package pdftex.def Info: ./Figures/obj_compare.pdf  used on input line 588.
(pdftex.def)             Requested size: 170.71652pt x 159.66351pt.
<./Figures/error_compare.pdf, id=887, 296.28189pt x 273.58209pt>
File: ./Figures/error_compare.pdf Graphic file (type pdf)
<use ./Figures/error_compare.pdf>
Package pdftex.def Info: ./Figures/error_compare.pdf  used on input line 591.
(pdftex.def)             Requested size: 170.71652pt x 157.64244pt.
 [14 <./Figures/q4a_objective.png> <./Figures/q4a_word_error.png>]
<./Figures/lab1_4b.pdf, id=896, 456.74641pt x 590.6567pt>
File: ./Figures/lab1_4b.pdf Graphic file (type pdf)
<use ./Figures/lab1_4b.pdf>
Package pdftex.def Info: ./Figures/lab1_4b.pdf  used on input line 640.
(pdftex.def)             Requested size: 456.7453pt x 590.65526pt.
<./Figures/lab1_4b.pdf, id=898, page=1, 456.74641pt x 590.6567pt>
File: ./Figures/lab1_4b.pdf Graphic file (type pdf)
<use ./Figures/lab1_4b.pdf, page 1>
Package pdftex.def Info: ./Figures/lab1_4b.pdf , page1 used on input line 640.
(pdftex.def)             Requested size: 456.7453pt x 590.65526pt.
File: ./Figures/lab1_4b.pdf Graphic file (type pdf)
<use ./Figures/lab1_4b.pdf, page 1>
Package pdftex.def Info: ./Figures/lab1_4b.pdf , page1 used on input line 640.
(pdftex.def)             Requested size: 615.29869pt x 795.69382pt.
 [15]
File: ./Figures/lab1_4b.pdf Graphic file (type pdf)
<use ./Figures/lab1_4b.pdf, page 1>
Package pdftex.def Info: ./Figures/lab1_4b.pdf , page1 used on input line 640.
(pdftex.def)             Requested size: 615.29869pt x 795.69382pt.
File: ./Figures/lab1_4b.pdf Graphic file (type pdf)
<use ./Figures/lab1_4b.pdf, page 1>
Package pdftex.def Info: ./Figures/lab1_4b.pdf , page1 used on input line 640.
(pdftex.def)             Requested size: 615.29869pt x 795.69382pt.
File: ./Figures/lab1_4b.pdf Graphic file (type pdf)
<use ./Figures/lab1_4b.pdf, page 1>
Package pdftex.def Info: ./Figures/lab1_4b.pdf , page1 used on input line 640.
(pdftex.def)             Requested size: 615.29869pt x 795.69382pt.
 [16

 <./Figures/lab1_4b.pdf>]
<./Figures/q4b_training-obj.png, id=1091, 578.16pt x 433.62pt>
File: ./Figures/q4b_training-obj.png Graphic file (type png)
<use ./Figures/q4b_training-obj.png>
Package pdftex.def Info: ./Figures/q4b_training-obj.png  used on input line 661.
(pdftex.def)             Requested size: 225.48038pt x 169.10449pt.
<./Figures/q4b_word-error.png, id=1092, 578.16pt x 433.62pt>
File: ./Figures/q4b_word-error.png Graphic file (type png)
<use ./Figures/q4b_word-error.png>
Package pdftex.def Info: ./Figures/q4b_word-error.png  used on input line 667.
(pdftex.def)             Requested size: 225.48038pt x 169.10449pt.
 [17 <./Figures/obj_compare.pdf> <./Figures/error_compare.pdf> <./Figures/q4b_training-obj.png> <./Figures/q4b_word-error.png>]
<./Figures/q4c_plot.png, id=1116, 505.89pt x 361.35pt>
File: ./Figures/q4c_plot.png Graphic file (type png)
<use ./Figures/q4c_plot.png>
Package pdftex.def Info: ./Figures/q4c_plot.png  used on input line 793.
(pdftex.def)             Requested size: 281.85585pt x 201.32906pt.


LaTeX Warning: `h' float specifier changed to `ht'.

[18] [19] [20 <./Figures/q4c_plot.png>]
<./Figures/q5_letter-wise.png, id=1138, 433.62pt x 289.08pt>
File: ./Figures/q5_letter-wise.png Graphic file (type png)
<use ./Figures/q5_letter-wise.png>
Package pdftex.def Info: ./Figures/q5_letter-wise.png  used on input line 855.
(pdftex.def)             Requested size: 281.85585pt x 187.913pt.
<./Figures/q5_word-wise.png, id=1139, 433.62pt x 289.08pt>
File: ./Figures/q5_word-wise.png Graphic file (type png)
<use ./Figures/q5_word-wise.png>
Package pdftex.def Info: ./Figures/q5_word-wise.png  used on input line 867.
(pdftex.def)             Requested size: 281.85585pt x 187.913pt.


LaTeX Warning: `h' float specifier changed to `ht'.

[21 <./Figures/q5_letter-wise.png>] [22 <./Figures/q5_word-wise.png>] [23] [24] [25] (./Lab_1.aux)
 ***********
LaTeX2e <2025-11-01>
L3 programming layer <2026-01-19>
 ***********


LaTeX Warning: There were multiply-defined labels.

Package rerunfilecheck Info: File `Lab_1.out' has not changed.
(rerunfilecheck)             Checksum: 412B4BF1EB544BE2ABF689BE62E466DF;1753.
 ) 
Here is how much of TeX's memory you used:
 14605 strings out of 467533
 220287 string characters out of 5419489
 651542 words of memory out of 5000000
 43172 multiletter control sequences out of 15000+600000
 644502 words of font info for 105 fonts, out of 8000000 for 9000
 1141 hyphenation exceptions out of 8191
 90i,20n,93p,845b,738s stack positions out of 10000i,1000n,20000p,200000b,200000s
</usr/local/texlive/2025/texmf-dist/fonts/type1/public/amsfonts/cm/cmbx10.pfb></usr/local/texlive/2025/texmf-dist/fonts/type1/public/amsfonts/cm/cmbx12.pfb></usr/local/texlive/2025/texmf-dist/fonts/type1/public/amsfonts/cm/cmbx8.pfb></usr/local/texlive/2025/texmf-dist/fonts/type1/public/amsfonts/cm/cmbx9.pfb></usr/local/texlive/2025/texmf-dist/fonts/type1/public/amsfonts/cm/cmbxti10.pfb></usr/local/texlive/2025/texmf-dist/fonts/type1/public/amsfonts/cm/cmex10.pfb></usr/local/texlive/2025/texmf-dist/fonts/type1/public/amsfonts/cm/cmmi10.pfb></usr/local/texlive/2025/texmf-dist/fonts/type1/public/amsfonts/cm/cmmi5.pfb></usr/local/texlive/2025/texmf-dist/fonts/type1/public/amsfonts/cm/cmmi6.pfb></usr/local/texlive/2025/texmf-dist/fonts/type1/public/amsfonts/cm/cmmi8.pfb></usr/local/texlive/2025/texmf-dist/fonts/type1/public/amsfonts/cm/cmr10.pfb></usr/local/texlive/2025/texmf-dist/fonts/type1/public/amsfonts/cm/cmr12.pfb></usr/local/texlive/2025/texmf-dist/fonts/type1/public/amsfonts/cm/cmr6.pfb></usr/local/texlive/2025/texmf-dist/fonts/type1/public/amsfonts/cm/cmr8.pfb></usr/local/texlive/2025/texmf-dist/fonts/type1/public/amsfonts/cm/cmr9.pfb></usr/local/texlive/2025/texmf-dist/fonts/type1/public/amsfonts/cm/cmsl10.pfb></usr/local/texlive/2025/texmf-dist/fonts/type1/public/amsfonts/cm/cmss9.pfb></usr/local/texlive/2025/texmf-dist/fonts/type1/public/amsfonts/cm/cmsy10.pfb></usr/local/texlive/2025/texmf-dist/fonts/type1/public/amsfonts/cm/cmsy6.pfb></usr/local/texlive/2025/texmf-dist/fonts/type1/public/amsfonts/cm/cmsy8.pfb></usr/local/texlive/2025/texmf-dist/fonts/type1/public/amsfonts/cm/cmsy9.pfb></usr/local/texlive/2025/texmf-dist/fonts/type1/public/amsfonts/cm/cmti10.pfb></usr/local/texlive/2025/texmf-dist/fonts/type1/public/amsfonts/cm/cmti9.pfb></usr/local/texlive/2025/texmf-dist/fonts/type1/public/amsfonts/cm/cmtt10.pfb></usr/local/texlive/2025/texmf-dist/fonts/type1/public/amsfonts/symbols/msbm10.pfb></usr/local/texlive/2025/texmf-dist/fonts/type1/public/cm-super/sfrm1095.pfb></usr/local/texlive/2025/texmf-dist/fonts/type1/public/stmaryrd/stmary10.pfb>
Output written on Lab_1.pdf (25 pages, 2308519 bytes).
PDF statistics:
 1338 PDF objects out of 1440 (max. 8388607)
 900 compressed objects within 9 object streams
 105 named destinations out of 1000 (max. 500000)
 213 words of extra memory for PDF output out of 10000 (max. 10000000)

